Flow report for custom-riscv
Wed Jun 26 10:42:53 2024
Quartus Prime Version 22.1std.1 Build 917 02/14/2023 SC Lite Edition


---------------------
; Table of Contents ;
---------------------
  1. Legal Notice
  2. Flow Summary
  3. Flow Settings
  4. Flow Non-Default Global Settings
  5. Flow Elapsed Time
  6. Flow OS Summary
  7. Flow Log
  8. Flow Messages
  9. Flow Suppressed Messages



----------------
; Legal Notice ;
----------------
Copyright (C) 2023  Intel Corporation. All rights reserved.
Your use of Intel Corporation's design tools, logic functions 
and other software and tools, and any partner logic 
functions, and any output files from any of the foregoing 
(including device programming or simulation files), and any 
associated documentation or information are expressly subject 
to the terms and conditions of the Intel Program License 
Subscription Agreement, the Intel Quartus Prime License Agreement,
the Intel FPGA IP License Agreement, or other applicable license
agreement, including, without limitation, that your use is for
the sole purpose of programming logic devices manufactured by
Intel and sold by Intel or its authorized distributors.  Please
refer to the applicable agreement for further details, at
https://fpgasoftware.intel.com/eula.



+------------------------------------------------------------------------+
; Flow Summary                                                           ;
+-----------------------+------------------------------------------------+
; Flow Status           ; Successful - Wed Jun 26 10:42:53 2024          ;
; Quartus Prime Version ; 22.1std.1 Build 917 02/14/2023 SC Lite Edition ;
; Revision Name         ; custom-riscv                                   ;
; Top-level Entity Name ; mux21                                          ;
; Family                ; MAX V                                          ;
; Total logic elements  ; 32 / 570 ( 6 % )                               ;
; Total pins            ; 97 / 159 ( 61 % )                              ;
; Total virtual pins    ; 0                                              ;
; UFM blocks            ; 0 / 1 ( 0 % )                                  ;
; Device                ; 5M570ZF256C4                                   ;
; Timing Models         ; Final                                          ;
+-----------------------+------------------------------------------------+


+-----------------------------------------+
; Flow Settings                           ;
+-------------------+---------------------+
; Option            ; Setting             ;
+-------------------+---------------------+
; Start date & time ; 06/26/2024 10:42:35 ;
; Main task         ; Compilation         ;
; Revision Name     ; custom-riscv        ;
+-------------------+---------------------+


+-------------------------------------------------------------------------------------------------------------------------------------------------+
; Flow Non-Default Global Settings                                                                                                                ;
+--------------------------------------+----------------------------------------+---------------+-------------+-----------------------------------+
; Assignment Name                      ; Value                                  ; Default Value ; Entity Name ; Section Id                        ;
+--------------------------------------+----------------------------------------+---------------+-------------+-----------------------------------+
; COMPILER_SIGNATURE_ID                ; 167381581466605.171940935500428        ; --            ; --          ; --                                ;
; EDA_DESIGN_INSTANCE_NAME             ; NA                                     ; --            ; --          ; tb_mux21                          ;
; EDA_GENERATE_FUNCTIONAL_NETLIST      ; Off                                    ; --            ; --          ; eda_board_design_timing           ;
; EDA_GENERATE_FUNCTIONAL_NETLIST      ; Off                                    ; --            ; --          ; eda_board_design_boundary_scan    ;
; EDA_GENERATE_FUNCTIONAL_NETLIST      ; Off                                    ; --            ; --          ; eda_board_design_signal_integrity ;
; EDA_GENERATE_FUNCTIONAL_NETLIST      ; Off                                    ; --            ; --          ; eda_board_design_symbol           ;
; EDA_NATIVELINK_SIMULATION_TEST_BENCH ; tb_mux21                               ; --            ; --          ; eda_simulation                    ;
; EDA_OUTPUT_DATA_FORMAT               ; Vhdl                                   ; --            ; --          ; eda_simulation                    ;
; EDA_SIMULATION_TOOL                  ; ModelSim (VHDL)                        ; <None>        ; --          ; --                                ;
; EDA_TEST_BENCH_ENABLE_STATUS         ; TEST_BENCH_MODE                        ; --            ; --          ; eda_simulation                    ;
; EDA_TEST_BENCH_FILE                  ; tb_mux21.vhd                           ; --            ; --          ; tb_mux21                          ;
; EDA_TEST_BENCH_MODULE_NAME           ; tb_mux21                               ; --            ; --          ; tb_mux21                          ;
; EDA_TEST_BENCH_NAME                  ; tb_mux21                               ; --            ; --          ; eda_simulation                    ;
; EDA_TIME_SCALE                       ; 1 ps                                   ; --            ; --          ; eda_simulation                    ;
; PARTITION_COLOR                      ; 16764057                               ; --            ; mux21       ; Top                               ;
; PARTITION_FITTER_PRESERVATION_LEVEL  ; PLACEMENT_AND_ROUTING                  ; --            ; mux21       ; Top                               ;
; PARTITION_NETLIST_TYPE               ; SOURCE                                 ; --            ; mux21       ; Top                               ;
; POWER_BOARD_THERMAL_MODEL            ; -- (Not supported for targeted family) ; --            ; --          ; --                                ;
; POWER_PRESET_COOLING_SOLUTION        ; 23 MM HEAT SINK WITH 200 LFPM AIRFLOW  ; --            ; --          ; --                                ;
; PROJECT_OUTPUT_DIRECTORY             ; output_files                           ; --            ; --          ; --                                ;
; TOP_LEVEL_ENTITY                     ; mux21                                  ; custom-riscv  ; --          ; --                                ;
+--------------------------------------+----------------------------------------+---------------+-------------+-----------------------------------+


+--------------------------------------------------------------------------------------------------------------------------+
; Flow Elapsed Time                                                                                                        ;
+----------------------+--------------+-------------------------+---------------------+------------------------------------+
; Module Name          ; Elapsed Time ; Average Processors Used ; Peak Virtual Memory ; Total CPU Time (on all processors) ;
+----------------------+--------------+-------------------------+---------------------+------------------------------------+
; Analysis & Synthesis ; 00:00:11     ; 1.0                     ; 4783 MB             ; 00:00:27                           ;
; Fitter               ; 00:00:02     ; 1.0                     ; 5333 MB             ; 00:00:02                           ;
; Assembler            ; 00:00:01     ; 1.0                     ; 4672 MB             ; 00:00:00                           ;
; Timing Analyzer      ; 00:00:00     ; 1.0                     ; 4679 MB             ; 00:00:01                           ;
; EDA Netlist Writer   ; 00:00:01     ; 1.0                     ; 4628 MB             ; 00:00:01                           ;
; Total                ; 00:00:15     ; --                      ; --                  ; 00:00:31                           ;
+----------------------+--------------+-------------------------+---------------------+------------------------------------+


+------------------------------------------------------------------------------------+
; Flow OS Summary                                                                    ;
+----------------------+------------------+------------+------------+----------------+
; Module Name          ; Machine Hostname ; OS Name    ; OS Version ; Processor type ;
+----------------------+------------------+------------+------------+----------------+
; Analysis & Synthesis ; LAPTOP-9AKBI6KV  ; Windows 10 ; 10.0       ; x86_64         ;
; Fitter               ; LAPTOP-9AKBI6KV  ; Windows 10 ; 10.0       ; x86_64         ;
; Assembler            ; LAPTOP-9AKBI6KV  ; Windows 10 ; 10.0       ; x86_64         ;
; Timing Analyzer      ; LAPTOP-9AKBI6KV  ; Windows 10 ; 10.0       ; x86_64         ;
; EDA Netlist Writer   ; LAPTOP-9AKBI6KV  ; Windows 10 ; 10.0       ; x86_64         ;
+----------------------+------------------+------------+------------+----------------+


------------
; Flow Log ;
------------
quartus_map --read_settings_files=on --write_settings_files=off custom-riscv -c custom-riscv
quartus_fit --read_settings_files=off --write_settings_files=off custom-riscv -c custom-riscv
quartus_asm --read_settings_files=off --write_settings_files=off custom-riscv -c custom-riscv
quartus_sta custom-riscv -c custom-riscv
quartus_eda --read_settings_files=off --write_settings_files=off custom-riscv -c custom-riscv



